<?xml version="1.0" encoding="UTF-8"?>
<!-- Generated by org.testng.reporters.JUnitReportReporter -->
<testsuite hostname="Nanda" failures="0" tests="2" name="com.storedProcedureTesting.StoredProcedureTestingTC01" time="0.182" errors="0" timestamp="2024-06-09T08:09:28 IST" skipped="0">
  <testcase classname="com.storedProcedureTesting.StoredProcedureTestingTC01" name="testStoredProceduresTc01" time="0.090"/>
  <testcase classname="com.storedProcedureTesting.StoredProcedureTestingTC01" name="SelectAllCustomersTc02" time="0.092"/>
</testsuite> <!-- com.storedProcedureTesting.StoredProcedureTestingTC01 -->
