<?xml version="1.0" encoding="UTF-8"?>
<!-- Generated by org.testng.reporters.JUnitReportReporter -->
<testsuite hostname="Nanda" failures="0" tests="3" name="com.storedFunctionTesting.StoredFunctionTesting" time="0.197" errors="0" timestamp="2024-06-09T18:28:06 IST" skipped="0">
  <testcase classname="com.storedFunctionTesting.StoredFunctionTesting" name="test_storedFunctionExistsTC01" time="0.086"/>
  <testcase classname="com.storedFunctionTesting.StoredFunctionTesting" name="storedFunctionTestWithSQLStatementTC02" time="0.031"/>
  <testcase classname="com.storedFunctionTesting.StoredFunctionTesting" name="callmethodTC03" time="0.080"/>
</testsuite> <!-- com.storedFunctionTesting.StoredFunctionTesting -->
