<?xml version="1.0" encoding="UTF-8"?>
<!-- Generated by org.testng.reporters.JUnitReportReporter -->
<testsuite hostname="Nanda" failures="0" tests="1" name="com.storedProcedureTesting.StoredProcedureTesting" time="0.168" errors="0" timestamp="2024-06-09T12:09:58 IST" skipped="0">
  <testcase classname="com.storedProcedureTesting.StoredProcedureTesting" name="callmethodTC06" time="0.168"/>
</testsuite> <!-- com.storedProcedureTesting.StoredProcedureTesting -->
